Watching for file changes with StatReloader
C:\CODE\code_python\NewsPaper\NewsPaper\NewsPaper\settings.py changed, reloading.
Watching for file changes with StatReloader
"GET /accounts/login/ HTTP/1.1" 302 0
"GET /news/ HTTP/1.1" 200 28009
"GET /news/search/ HTTP/1.1" 200 8061
"GET /news/search/?post_title=&post_category=2&post_create_datetime= HTTP/1.1" 200 4366
C:\CODE\code_python\NewsPaper\NewsPaper\NewsPaper\settings.py changed, reloading.
Watching for file changes with StatReloader
C:\CODE\code_python\NewsPaper\NewsPaper\NewsPaper\settings.py changed, reloading.
Watching for file changes with StatReloader
C:\CODE\code_python\NewsPaper\NewsPaper\NewsPaper\settings.py changed, reloading.
2022-09-14 23:30:49,654 INFO
2022-09-14 23:31:12,002 INFO
2022-09-14 23:31:12,635 INFO autoreload Watching for file changes with StatReloader
2022-09-14 23:31:32,440 INFO basehttp "GET /news/search/?post_title=&post_category=10&post_create_datetime= HTTP/1.1" 200 4452
2022-09-14 23:32:50,699 INFO autoreload C:\CODE\code_python\NewsPaper\NewsPaper\NewsPaper\settings.py changed, reloading.
2022-09-14 23:34:16,836 INFO autoreload Watching for file changes with StatReloader
2022-09-14 23:34:31,638 INFO basehttp "GET /news/search/?post_title=&post_category=1&post_create_datetime= HTTP/1.1" 200 4816
2022-09-14 23:35:06,510 INFO basehttp "GET /news/search/?post_title=&post_category=3&post_create_datetime= HTTP/1.1" 200 4735
2022-09-14 23:37:32,258 INFO autoreload C:\CODE\code_python\NewsPaper\NewsPaper\NewsPaper\settings.py changed, reloading.
2022-09-14 23:49:18,970 INFO autoreload Watching for file changes with StatReloader
2022-09-14 23:49:49,749 INFO autoreload C:\CODE\code_python\NewsPaper\NewsPaper\NewsPaper\settings.py changed, reloading.
2022-09-14 23:49:50,413 INFO autoreload Watching for file changes with StatReloader
2022-09-14 23:50:03,357 INFO autoreload C:\CODE\code_python\NewsPaper\NewsPaper\NewsPaper\settings.py changed, reloading.
2022-09-14 23:50:04,020 INFO autoreload Watching for file changes with StatReloader
2022-09-14 23:50:17,015 INFO autoreload C:\CODE\code_python\NewsPaper\NewsPaper\NewsPaper\settings.py changed, reloading.
2022-09-14 23:50:17,642 INFO autoreload Watching for file changes with StatReloader
2022-09-14 23:51:33,279 INFO autoreload C:\CODE\code_python\NewsPaper\NewsPaper\news\views.py changed, reloading.
2022-09-14 23:51:33,947 INFO autoreload Watching for file changes with StatReloader
2022-09-14 23:52:39,296 INFO autoreload C:\CODE\code_python\NewsPaper\NewsPaper\news\views.py changed, reloading.
2022-09-14 23:52:39,951 INFO autoreload Watching for file changes with StatReloader
2022-09-14 23:53:23,383 INFO autoreload C:\CODE\code_python\NewsPaper\NewsPaper\news\views.py changed, reloading.
2022-09-14 23:53:24,003 INFO autoreload Watching for file changes with StatReloader
2022-09-14 23:53:53,908 INFO autoreload C:\CODE\code_python\NewsPaper\NewsPaper\news\views.py changed, reloading.
2022-09-14 23:53:54,559 INFO autoreload Watching for file changes with StatReloader
2022-09-14 23:55:06,370 INFO autoreload C:\CODE\code_python\NewsPaper\NewsPaper\NewsPaper\settings.py changed, reloading.
2022-09-14 23:55:06,999 INFO autoreload Watching for file changes with StatReloader
2022-09-14 23:55:34,664 INFO autoreload C:\CODE\code_python\NewsPaper\NewsPaper\NewsPaper\settings.py changed, reloading.
2022-09-14 23:55:35,292 INFO autoreload Watching for file changes with StatReloader
2022-09-14 23:56:01,917 INFO autoreload C:\CODE\code_python\NewsPaper\NewsPaper\NewsPaper\settings.py changed, reloading.
2022-09-14 23:56:02,566 INFO autoreload Watching for file changes with StatReloader
2022-09-14 23:56:37,496 INFO autoreload C:\CODE\code_python\NewsPaper\NewsPaper\NewsPaper\settings.py changed, reloading.
2022-09-14 23:56:38,129 INFO autoreload Watching for file changes with StatReloader
2022-09-14 23:57:02,563 INFO autoreload C:\CODE\code_python\NewsPaper\NewsPaper\NewsPaper\settings.py changed, reloading.
2022-09-14 23:57:03,190 INFO autoreload Watching for file changes with StatReloader
2022-09-14 23:57:17,232 INFO autoreload C:\CODE\code_python\NewsPaper\NewsPaper\NewsPaper\settings.py changed, reloading.
2022-09-14 23:57:17,643 INFO autoreload Watching for file changes with StatReloader
2022-09-14 23:58:17,295 INFO autoreload C:\CODE\code_python\NewsPaper\NewsPaper\NewsPaper\settings.py changed, reloading.
2022-09-14 23:58:17,691 INFO autoreload Watching for file changes with StatReloader
2022-09-14 23:58:31,244 INFO autoreload C:\CODE\code_python\NewsPaper\NewsPaper\NewsPaper\settings.py changed, reloading.
2022-09-14 23:58:31,846 INFO autoreload Watching for file changes with StatReloader
2022-09-14 23:58:44,817 INFO autoreload C:\CODE\code_python\NewsPaper\NewsPaper\NewsPaper\settings.py changed, reloading.
2022-09-14 23:58:45,441 INFO autoreload Watching for file changes with StatReloader
2022-09-14 23:59:01,582 INFO autoreload C:\CODE\code_python\NewsPaper\NewsPaper\NewsPaper\settings.py changed, reloading.
2022-09-14 23:59:02,238 INFO autoreload Watching for file changes with StatReloader
2022-09-15 00:01:31,240 INFO autoreload C:\CODE\code_python\NewsPaper\NewsPaper\NewsPaper\settings.py changed, reloading.
2022-09-15 00:01:31,857 INFO autoreload Watching for file changes with StatReloader
2022-09-15 10:52:26,591 INFO autoreload Watching for file changes with StatReloader
2022-09-15 10:54:20,631 WARNING log Forbidden (CSRF token missing.): /news/62/edit/
2022-09-15 11:03:36,101 INFO autoreload E:\CODE\PYTHON\NewsPaper\NewsPaper\NewsPaper\settings.py changed, reloading.
2022-09-15 11:03:37,756 INFO autoreload Watching for file changes with StatReloader
2022-09-15 11:03:47,261 INFO autoreload E:\CODE\PYTHON\NewsPaper\NewsPaper\NewsPaper\settings.py changed, reloading.
2022-09-15 11:03:48,891 INFO autoreload Watching for file changes with StatReloader
2022-09-15 11:06:42,149 INFO autoreload E:\CODE\PYTHON\NewsPaper\NewsPaper\NewsPaper\settings.py changed, reloading.
2022-09-15 11:07:16,046 INFO autoreload Watching for file changes with StatReloader
2022-09-15 15:32:55,492 INFO autoreload E:\CODE\PYTHON\NewsPaper\NewsPaper\NewsPaper\settings.py changed, reloading.
2022-09-15 15:32:58,358 INFO autoreload Watching for file changes with StatReloader
2022-09-15 15:33:19,307 INFO autoreload E:\CODE\PYTHON\NewsPaper\NewsPaper\NewsPaper\settings.py changed, reloading.
2022-09-15 15:33:52,084 INFO autoreload Watching for file changes with StatReloader
2022-09-15 15:35:07,415 INFO autoreload E:\CODE\PYTHON\NewsPaper\NewsPaper\NewsPaper\settings.py changed, reloading.
2022-09-15 15:35:09,435 INFO autoreload Watching for file changes with StatReloader
2022-09-15 15:35:21,740 INFO autoreload E:\CODE\PYTHON\NewsPaper\NewsPaper\NewsPaper\settings.py changed, reloading.
2022-09-15 15:35:23,529 INFO autoreload Watching for file changes with StatReloader
2022-09-15 15:36:02,872 INFO autoreload E:\CODE\PYTHON\NewsPaper\NewsPaper\NewsPaper\settings.py changed, reloading.
2022-09-15 15:36:04,578 INFO autoreload Watching for file changes with StatReloader
2022-09-15 15:36:16,360 INFO autoreload E:\CODE\PYTHON\NewsPaper\NewsPaper\NewsPaper\settings.py changed, reloading.
2022-09-15 15:36:18,371 INFO autoreload Watching for file changes with StatReloader
2022-09-15 15:36:22,843 INFO autoreload E:\CODE\PYTHON\NewsPaper\NewsPaper\NewsPaper\settings.py changed, reloading.
2022-09-15 15:36:24,991 INFO autoreload Watching for file changes with StatReloader
2022-09-15 15:43:11,579 INFO autoreload E:\CODE\PYTHON\NewsPaper\NewsPaper\NewsPaper\settings.py changed, reloading.
2022-09-15 15:43:14,298 INFO autoreload Watching for file changes with StatReloader
2022-09-15 15:55:46,573 INFO autoreload E:\CODE\PYTHON\NewsPaper\NewsPaper\NewsPaper\settings.py changed, reloading.
2022-09-15 15:55:48,931 INFO autoreload Watching for file changes with StatReloader
2022-09-15 15:56:44,849 INFO autoreload E:\CODE\PYTHON\NewsPaper\NewsPaper\NewsPaper\settings.py changed, reloading.
2022-09-15 15:56:47,632 INFO autoreload Watching for file changes with StatReloader
2022-09-15 15:59:03,384 INFO autoreload E:\CODE\PYTHON\NewsPaper\NewsPaper\news\views.py changed, reloading.
2022-09-15 15:59:05,879 INFO autoreload Watching for file changes with StatReloader
2022-09-15 15:59:19,118 INFO autoreload E:\CODE\PYTHON\NewsPaper\NewsPaper\news\views.py changed, reloading.
2022-09-15 15:59:21,537 INFO autoreload Watching for file changes with StatReloader
2022-09-15 15:59:30,290 INFO autoreload E:\CODE\PYTHON\NewsPaper\NewsPaper\news\views.py changed, reloading.
2022-09-15 15:59:33,978 INFO autoreload Watching for file changes with StatReloader
2022-09-15 15:59:45,860 INFO autoreload E:\CODE\PYTHON\NewsPaper\NewsPaper\news\views.py changed, reloading.
2022-09-15 15:59:47,908 INFO autoreload Watching for file changes with StatReloader
2022-09-15 15:59:51,820 INFO autoreload E:\CODE\PYTHON\NewsPaper\NewsPaper\news\views.py changed, reloading.
2022-09-15 15:59:53,630 INFO autoreload Watching for file changes with StatReloader
2022-09-15 16:00:03,540 INFO autoreload E:\CODE\PYTHON\NewsPaper\NewsPaper\news\views.py changed, reloading.
2022-09-15 16:00:06,035 INFO autoreload Watching for file changes with StatReloader
2022-09-15 16:00:16,031 INFO autoreload E:\CODE\PYTHON\NewsPaper\NewsPaper\news\views.py changed, reloading.
2022-09-15 16:00:18,363 INFO autoreload Watching for file changes with StatReloader
2022-09-15 16:00:43,122 INFO autoreload E:\CODE\PYTHON\NewsPaper\NewsPaper\news\views.py changed, reloading.
2022-09-15 16:00:45,122 INFO autoreload Watching for file changes with StatReloader
2022-09-15 16:01:44,866 INFO autoreload E:\CODE\PYTHON\NewsPaper\NewsPaper\news\views.py changed, reloading.
2022-09-15 16:01:46,970 INFO autoreload Watching for file changes with StatReloader
2022-09-15 16:02:53,600 INFO autoreload E:\CODE\PYTHON\NewsPaper\NewsPaper\NewsPaper\settings.py changed, reloading.
2022-09-15 16:02:55,640 INFO autoreload Watching for file changes with StatReloader
2022-09-15 16:07:02,652 INFO autoreload E:\CODE\PYTHON\NewsPaper\NewsPaper\NewsPaper\settings.py changed, reloading.
2022-09-15 16:07:05,153 INFO autoreload Watching for file changes with StatReloader
2022-09-15 16:07:49,085 INFO autoreload E:\CODE\PYTHON\NewsPaper\NewsPaper\NewsPaper\settings.py changed, reloading.
2022-09-15 16:07:51,159 INFO autoreload Watching for file changes with StatReloader
2022-09-15 16:08:46,086 INFO autoreload E:\CODE\PYTHON\NewsPaper\NewsPaper\NewsPaper\settings.py changed, reloading.
2022-09-15 16:08:48,270 INFO autoreload Watching for file changes with StatReloader
2022-09-15 16:08:52,019 INFO autoreload E:\CODE\PYTHON\NewsPaper\NewsPaper\NewsPaper\settings.py changed, reloading.
2022-09-15 16:08:53,749 INFO autoreload Watching for file changes with StatReloader
2022-09-15 16:10:43,432 INFO autoreload E:\CODE\PYTHON\NewsPaper\NewsPaper\NewsPaper\settings.py changed, reloading.
2022-09-15 16:10:45,212 INFO autoreload Watching for file changes with StatReloader
2022-09-15 16:11:23,388 INFO autoreload E:\CODE\PYTHON\NewsPaper\NewsPaper\NewsPaper\settings.py changed, reloading.
